0 info it worked if it ends with ok
1 verbose cli [ '/usr/local/bin/node', '/usr/local/bin/npm', 'start' ]
2 info using npm@3.7.3
3 info using node@v5.8.0
4 verbose run-script [ 'prestart', 'start', 'poststart' ]
5 info lifecycle express@0.0.0~prestart: express@0.0.0
6 silly lifecycle express@0.0.0~prestart: no script for prestart, continuing
7 info lifecycle express@0.0.0~start: express@0.0.0
8 verbose lifecycle express@0.0.0~start: unsafe-perm in lifecycle true
9 verbose lifecycle express@0.0.0~start: PATH: /usr/local/lib/node_modules/npm/bin/node-gyp-bin:/Users/filiptubic/Git-repos/HEC-RAS-Visualizer/node_modules/.bin:/usr/local/bin:/Users/filiptubic/.dnx/runtimes/dnx-coreclr-darwin-x64.1.0.0-rc1-update1/bin:/Users/filiptubic/.dnx/bin:/opt/local/bin:/opt/local/sbin:/Library/Frameworks/Python.framework/Versions/3.5/bin:/Library/Frameworks/Python.framework/Versions/3.4/bin:/Library/Frameworks/Python.framework/Versions/2.7/bin:/usr/local/bin:/usr/bin:/bin:/usr/sbin:/sbin:/opt/X11/bin:/usr/local/share/dotnet:/usr/local/git/bin:/usr/local/MacGPG2/bin:/Users/filiptubic/.rvm/bin
10 verbose lifecycle express@0.0.0~start: CWD: /Users/filiptubic/Git-repos/HEC-RAS-Visualizer
11 silly lifecycle express@0.0.0~start: Args: [ '-c',
11 silly lifecycle   'tsc && concurrently "npm run tsc:w" "node ./bin/www" ' ]
12 silly lifecycle express@0.0.0~start: Returned: code: 2  signal: null
13 info lifecycle express@0.0.0~start: Failed to exec start script
14 verbose stack Error: express@0.0.0 start: `tsc && concurrently "npm run tsc:w" "node ./bin/www" `
14 verbose stack Exit status 2
14 verbose stack     at EventEmitter.<anonymous> (/usr/local/lib/node_modules/npm/lib/utils/lifecycle.js:239:16)
14 verbose stack     at emitTwo (events.js:100:13)
14 verbose stack     at EventEmitter.emit (events.js:185:7)
14 verbose stack     at ChildProcess.<anonymous> (/usr/local/lib/node_modules/npm/lib/utils/spawn.js:24:14)
14 verbose stack     at emitTwo (events.js:100:13)
14 verbose stack     at ChildProcess.emit (events.js:185:7)
14 verbose stack     at maybeClose (internal/child_process.js:850:16)
14 verbose stack     at Process.ChildProcess._handle.onexit (internal/child_process.js:215:5)
15 verbose pkgid express@0.0.0
16 verbose cwd /Users/filiptubic/Git-repos/HEC-RAS-Visualizer
17 error Darwin 15.6.0
18 error argv "/usr/local/bin/node" "/usr/local/bin/npm" "start"
19 error node v5.8.0
20 error npm  v3.7.3
21 error code ELIFECYCLE
22 error express@0.0.0 start: `tsc && concurrently "npm run tsc:w" "node ./bin/www" `
22 error Exit status 2
23 error Failed at the express@0.0.0 start script 'tsc && concurrently "npm run tsc:w" "node ./bin/www" '.
23 error Make sure you have the latest version of node.js and npm installed.
23 error If you do, this is most likely a problem with the express package,
23 error not with npm itself.
23 error Tell the author that this fails on your system:
23 error     tsc && concurrently "npm run tsc:w" "node ./bin/www"
23 error You can get information on how to open an issue for this project with:
23 error     npm bugs express
23 error Or if that isn't available, you can get their info via:
23 error     npm owner ls express
23 error There is likely additional logging output above.
24 verbose exit [ 1, true ]
